<?xml version="1.0" encoding="UTF-8"?>
<testng-results skipped="0" failed="0" ignored="0" total="2" passed="2">
  <reporter-output>
    <line>
      <![CDATA[[INFO ] [2021-08-02 21:24:26,768] Pre-condition: Open browser 'chrome' and navigate to 'https://demo.nopcommerce.com/'
]]>
    </line>
    <line>
      <![CDATA[[INFO ] [2021-08-02 21:24:32,560] User_01_Register - Step 01: Click to Register link
]]>
    </line>
    <line>
      <![CDATA[[INFO ] [2021-08-02 21:24:37,287] User_01_Register - Step 02: Click to Male radio button
]]>
    </line>
    <line>
      <![CDATA[[INFO ] [2021-08-02 21:24:37,506] User_01_Register - Step 03: Enter to Firstname textbox
]]>
    </line>
    <line>
      <![CDATA[[INFO ] [2021-08-02 21:24:37,759] User_01_Register - Step 04: Enter to Lastname textbox
]]>
    </line>
    <line>
      <![CDATA[[INFO ] [2021-08-02 21:24:37,959] User_01_Register - Step 05: Select Day dropdown
]]>
    </line>
    <line>
      <![CDATA[[INFO ] [2021-08-02 21:24:38,155] User_01_Register - Step 06: Select Month dropdown
]]>
    </line>
    <line>
      <![CDATA[[INFO ] [2021-08-02 21:24:38,358] User_01_Register - Step07: Select Year dropdown
]]>
    </line>
    <line>
      <![CDATA[[INFO ] [2021-08-02 21:24:38,535] User_01_Register - Step 08: Enter to Email textbox with value: automationfc4724@mailinator.com
]]>
    </line>
    <line>
      <![CDATA[[INFO ] [2021-08-02 21:24:38,798] User_01_Register - Step 09: Enter to Company textbox with value: Automation FC
]]>
    </line>
    <line>
      <![CDATA[[INFO ] [2021-08-02 21:24:38,991] User_01_Register - Step 10: Enter to Password textbox with value: 123456
]]>
    </line>
    <line>
      <![CDATA[[INFO ] [2021-08-02 21:24:39,172] User_01_Register - Step 11: Enter to Confirm Password textbox with value: 123456
]]>
    </line>
    <line>
      <![CDATA[[INFO ] [2021-08-02 21:24:39,372] User_01_Register - Step 12: Click to Register button
]]>
    </line>
    <line>
      <![CDATA[[INFO ] [2021-08-02 21:24:41,574] User_01_Register - Step 13: Verify success Message is displayed
]]>
    </line>
    <line>
      <![CDATA[[INFO ] [2021-08-02 21:24:41,695]  -------------------------- PASSED -------------------------- 
]]>
    </line>
    <line>
      <![CDATA[[INFO ] [2021-08-02 21:24:41,698] User_01_Register - Step 14: Click to Logout link
]]>
    </line>
    <line>
      <![CDATA[[INFO ] [2021-08-02 21:24:46,388] User_02_Login - Step 01: Click to Login link
]]>
    </line>
    <line>
      <![CDATA[[INFO ] [2021-08-02 21:24:50,747] User_02_Login - Step 02: Enter to Email textbox with value: automationfc4724@mailinator.com
]]>
    </line>
    <line>
      <![CDATA[[INFO ] [2021-08-02 21:24:51,012] User_02_Login - Step 03: Enter to Password textbox with value: 123456
]]>
    </line>
    <line>
      <![CDATA[[INFO ] [2021-08-02 21:24:51,239] User_02_Login - Step 04: Click to Login button
]]>
    </line>
    <line>
      <![CDATA[[INFO ] [2021-08-02 21:24:56,835] Post-Condition: Close browser
]]>
    </line>
  </reporter-output>
  <suite name="User NopCommerce" duration-ms="30812" started-at="2021-08-02T14:24:26Z" finished-at="2021-08-02T14:24:57Z">
    <groups>
    </groups>
    <test name="Run on CHROME" duration-ms="30812" started-at="2021-08-02T14:24:26Z" finished-at="2021-08-02T14:24:57Z">
      <class name="com.nopcommerce.user.Level_13_Register_Login_Log_Report">
        <test-method status="PASS" signature="beforeClass(java.lang.String, java.lang.String)[pri:0, instance:com.nopcommerce.user.Level_13_Register_Login_Log_Report@3e57cd70]" name="beforeClass" is-config="true" duration-ms="5781" started-at="2021-08-02T14:24:26Z" finished-at="2021-08-02T14:24:32Z">
          <params>
            <param index="0">
              <value>
                <![CDATA[chrome]]>
              </value>
            </param>
            <param index="1">
              <value>
                <![CDATA[https://demo.nopcommerce.com/]]>
              </value>
            </param>
          </params>
          <reporter-output>
            <line>
              <![CDATA[[INFO ] [2021-08-02 21:24:26,768] Pre-condition: Open browser 'chrome' and navigate to 'https://demo.nopcommerce.com/'
]]>
            </line>
          </reporter-output>
        </test-method> <!-- beforeClass -->
        <test-method status="PASS" signature="User_01_Register()[pri:0, instance:com.nopcommerce.user.Level_13_Register_Login_Log_Report@3e57cd70]" name="User_01_Register" duration-ms="13830" started-at="2021-08-02T14:24:32Z" finished-at="2021-08-02T14:24:46Z">
          <reporter-output>
            <line>
              <![CDATA[[INFO ] [2021-08-02 21:24:32,560] User_01_Register - Step 01: Click to Register link
]]>
            </line>
            <line>
              <![CDATA[[INFO ] [2021-08-02 21:24:37,287] User_01_Register - Step 02: Click to Male radio button
]]>
            </line>
            <line>
              <![CDATA[[INFO ] [2021-08-02 21:24:37,506] User_01_Register - Step 03: Enter to Firstname textbox
]]>
            </line>
            <line>
              <![CDATA[[INFO ] [2021-08-02 21:24:37,759] User_01_Register - Step 04: Enter to Lastname textbox
]]>
            </line>
            <line>
              <![CDATA[[INFO ] [2021-08-02 21:24:37,959] User_01_Register - Step 05: Select Day dropdown
]]>
            </line>
            <line>
              <![CDATA[[INFO ] [2021-08-02 21:24:38,155] User_01_Register - Step 06: Select Month dropdown
]]>
            </line>
            <line>
              <![CDATA[[INFO ] [2021-08-02 21:24:38,358] User_01_Register - Step07: Select Year dropdown
]]>
            </line>
            <line>
              <![CDATA[[INFO ] [2021-08-02 21:24:38,535] User_01_Register - Step 08: Enter to Email textbox with value: automationfc4724@mailinator.com
]]>
            </line>
            <line>
              <![CDATA[[INFO ] [2021-08-02 21:24:38,798] User_01_Register - Step 09: Enter to Company textbox with value: Automation FC
]]>
            </line>
            <line>
              <![CDATA[[INFO ] [2021-08-02 21:24:38,991] User_01_Register - Step 10: Enter to Password textbox with value: 123456
]]>
            </line>
            <line>
              <![CDATA[[INFO ] [2021-08-02 21:24:39,172] User_01_Register - Step 11: Enter to Confirm Password textbox with value: 123456
]]>
            </line>
            <line>
              <![CDATA[[INFO ] [2021-08-02 21:24:39,372] User_01_Register - Step 12: Click to Register button
]]>
            </line>
            <line>
              <![CDATA[[INFO ] [2021-08-02 21:24:41,574] User_01_Register - Step 13: Verify success Message is displayed
]]>
            </line>
            <line>
              <![CDATA[[INFO ] [2021-08-02 21:24:41,695]  -------------------------- PASSED -------------------------- 
]]>
            </line>
            <line>
              <![CDATA[[INFO ] [2021-08-02 21:24:41,698] User_01_Register - Step 14: Click to Logout link
]]>
            </line>
          </reporter-output>
        </test-method> <!-- User_01_Register -->
        <test-method status="PASS" signature="User_02_Login()[pri:0, instance:com.nopcommerce.user.Level_13_Register_Login_Log_Report@3e57cd70]" name="User_02_Login" duration-ms="10446" started-at="2021-08-02T14:24:46Z" finished-at="2021-08-02T14:24:56Z">
          <reporter-output>
            <line>
              <![CDATA[[INFO ] [2021-08-02 21:24:46,388] User_02_Login - Step 01: Click to Login link
]]>
            </line>
            <line>
              <![CDATA[[INFO ] [2021-08-02 21:24:50,747] User_02_Login - Step 02: Enter to Email textbox with value: automationfc4724@mailinator.com
]]>
            </line>
            <line>
              <![CDATA[[INFO ] [2021-08-02 21:24:51,012] User_02_Login - Step 03: Enter to Password textbox with value: 123456
]]>
            </line>
            <line>
              <![CDATA[[INFO ] [2021-08-02 21:24:51,239] User_02_Login - Step 04: Click to Login button
]]>
            </line>
          </reporter-output>
        </test-method> <!-- User_02_Login -->
        <test-method status="PASS" signature="cleanClass()[pri:0, instance:com.nopcommerce.user.Level_13_Register_Login_Log_Report@3e57cd70]" name="cleanClass" is-config="true" duration-ms="713" started-at="2021-08-02T14:24:56Z" finished-at="2021-08-02T14:24:57Z">
          <reporter-output>
            <line>
              <![CDATA[[INFO ] [2021-08-02 21:24:56,835] Post-Condition: Close browser
]]>
            </line>
          </reporter-output>
        </test-method> <!-- cleanClass -->
      </class> <!-- com.nopcommerce.user.Level_13_Register_Login_Log_Report -->
    </test> <!-- Run on CHROME -->
  </suite> <!-- User NopCommerce -->
</testng-results>
